<?xml version="1.0" encoding="UTF-8"?>
<robot generator="Robot 6.1.1 (Python 3.7.8 on win32)" generated="20251102 22:44:12.822" rpa="false" schemaversion="4">
<suite id="s1" name="Caso Login" source="C:\xampp\htdocs\testes-automatizados\Nikolas\Caso_Login.robot">
<test id="s1-t1" name="Login com e-mail e senha corretos" line="6">
<kw name="Abrir Pagina Home FuelWise" library="KeyWords_Form">
<kw name="Open Browser" library="SeleniumLibrary">
<arg>${URL}</arg>
<arg>chrome</arg>
<doc>Opens a new browser instance to the optional ``url``.</doc>
<msg timestamp="20251102 22:44:13.060" level="INFO">Opening browser 'chrome' to base url 'http://localhost/FuelWise/pages/'.</msg>
<status status="PASS" starttime="20251102 22:44:13.060" endtime="20251102 22:44:15.011"/>
</kw>
<kw name="Maximize Browser Window" library="SeleniumLibrary">
<doc>Maximizes current browser window.</doc>
<status status="PASS" starttime="20251102 22:44:15.011" endtime="20251102 22:44:15.063"/>
</kw>
<kw name="Capture Page Screenshot" library="SeleniumLibrary">
<arg>printsNikolas/pagina_home_aberta.png</arg>
<doc>Takes a screenshot of the current page and embeds it into a log file.</doc>
<msg timestamp="20251102 22:44:15.204" level="INFO" html="true">&lt;/td&gt;&lt;/tr&gt;&lt;tr&gt;&lt;td colspan="3"&gt;&lt;a href="printsNikolas/pagina_home_aberta.png"&gt;&lt;img src="printsNikolas/pagina_home_aberta.png" width="800px"&gt;&lt;/a&gt;</msg>
<status status="PASS" starttime="20251102 22:44:15.063" endtime="20251102 22:44:15.204"/>
</kw>
<status status="PASS" starttime="20251102 22:44:13.060" endtime="20251102 22:44:15.204"/>
</kw>
<kw name="Fazer Login" library="KeyWords_Form">
<kw name="Wait Until Element Is Visible" library="SeleniumLibrary">
<arg>${BUTTON_MENU}</arg>
<arg>10s</arg>
<doc>Waits until the element ``locator`` is visible.</doc>
<status status="PASS" starttime="20251102 22:44:15.204" endtime="20251102 22:44:15.236"/>
</kw>
<kw name="Click Element" library="SeleniumLibrary">
<arg>${BUTTON_MENU}</arg>
<doc>Click the element identified by ``locator``.</doc>
<msg timestamp="20251102 22:44:15.237" level="INFO">Clicking element 'id:menu-icon'.</msg>
<status status="PASS" starttime="20251102 22:44:15.237" endtime="20251102 22:44:15.305"/>
</kw>
<kw name="Wait Until Element Is Visible" library="SeleniumLibrary">
<arg>${LOGIN_TRANSPORTADORA}</arg>
<arg>timeout=10s</arg>
<doc>Waits until the element ``locator`` is visible.</doc>
<status status="PASS" starttime="20251102 22:44:15.305" endtime="20251102 22:44:15.552"/>
</kw>
<kw name="Click Element" library="SeleniumLibrary">
<arg>${LOGIN_TRANSPORTADORA}</arg>
<doc>Click the element identified by ``locator``.</doc>
<msg timestamp="20251102 22:44:15.554" level="INFO">Clicking element 'xpath=//a[contains(text(), 'Fazer login')]'.</msg>
<status status="PASS" starttime="20251102 22:44:15.552" endtime="20251102 22:44:15.695"/>
</kw>
<kw name="Input Text" library="SeleniumLibrary">
<arg>${EMAIL_FIELD}</arg>
<arg>joaopedro@gmail.com</arg>
<doc>Types the given ``text`` into the text field identified by ``locator``.</doc>
<msg timestamp="20251102 22:44:15.696" level="INFO">Typing text 'joaopedro@gmail.com' into text field 'name:email'.</msg>
<status status="PASS" starttime="20251102 22:44:15.695" endtime="20251102 22:44:15.828"/>
</kw>
<kw name="Input Text" library="SeleniumLibrary">
<arg>${PASSWORD_FIELD}</arg>
<arg>_123456789</arg>
<doc>Types the given ``text`` into the text field identified by ``locator``.</doc>
<msg timestamp="20251102 22:44:15.829" level="INFO">Typing text '_123456789' into text field 'name:senha'.</msg>
<status status="PASS" starttime="20251102 22:44:15.829" endtime="20251102 22:44:15.916"/>
</kw>
<kw name="Capture Page Screenshot" library="SeleniumLibrary">
<arg>printsNikolas/login_preenchido.png</arg>
<doc>Takes a screenshot of the current page and embeds it into a log file.</doc>
<msg timestamp="20251102 22:44:16.030" level="INFO" html="true">&lt;/td&gt;&lt;/tr&gt;&lt;tr&gt;&lt;td colspan="3"&gt;&lt;a href="printsNikolas/login_preenchido.png"&gt;&lt;img src="printsNikolas/login_preenchido.png" width="800px"&gt;&lt;/a&gt;</msg>
<status status="PASS" starttime="20251102 22:44:15.917" endtime="20251102 22:44:16.031"/>
</kw>
<status status="PASS" starttime="20251102 22:44:15.204" endtime="20251102 22:44:16.031"/>
</kw>
<kw name="Clicar Entrar" library="KeyWords_Form">
<kw name="Click Element" library="SeleniumLibrary">
<arg>${LOGIN_BUTTON}</arg>
<doc>Click the element identified by ``locator``.</doc>
<msg timestamp="20251102 22:44:16.032" level="INFO">Clicking element 'xpath=//button[text()='Entrar']'.</msg>
<status status="PASS" starttime="20251102 22:44:16.032" endtime="20251102 22:44:16.092"/>
</kw>
<kw name="Capture Page Screenshot" library="SeleniumLibrary">
<arg>printsNikolas/clicou_entrar.png</arg>
<doc>Takes a screenshot of the current page and embeds it into a log file.</doc>
<msg timestamp="20251102 22:44:16.680" level="INFO" html="true">&lt;/td&gt;&lt;/tr&gt;&lt;tr&gt;&lt;td colspan="3"&gt;&lt;a href="printsNikolas/clicou_entrar.png"&gt;&lt;img src="printsNikolas/clicou_entrar.png" width="800px"&gt;&lt;/a&gt;</msg>
<status status="PASS" starttime="20251102 22:44:16.092" endtime="20251102 22:44:16.680"/>
</kw>
<status status="PASS" starttime="20251102 22:44:16.031" endtime="20251102 22:44:16.681"/>
</kw>
<kw name="Verificar Texto de Login" library="KeyWords_Form">
<kw name="Wait Until Page Contains" library="SeleniumLibrary">
<arg>${NAME_TEXT}</arg>
<arg>timeout=5s</arg>
<doc>Waits until ``text`` appears on the current page.</doc>
<status status="PASS" starttime="20251102 22:44:16.682" endtime="20251102 22:44:16.697"/>
</kw>
<kw name="Page Should Contain" library="SeleniumLibrary">
<arg>${NAME_TEXT}</arg>
<doc>Verifies that current page contains ``text``.</doc>
<msg timestamp="20251102 22:44:16.713" level="INFO">Current page contains text 'João'.</msg>
<status status="PASS" starttime="20251102 22:44:16.697" endtime="20251102 22:44:16.713"/>
</kw>
<kw name="Capture Page Screenshot" library="SeleniumLibrary">
<arg>printsNikolas/login_sucesso.png</arg>
<doc>Takes a screenshot of the current page and embeds it into a log file.</doc>
<msg timestamp="20251102 22:44:16.826" level="INFO" html="true">&lt;/td&gt;&lt;/tr&gt;&lt;tr&gt;&lt;td colspan="3"&gt;&lt;a href="printsNikolas/login_sucesso.png"&gt;&lt;img src="printsNikolas/login_sucesso.png" width="800px"&gt;&lt;/a&gt;</msg>
<status status="PASS" starttime="20251102 22:44:16.713" endtime="20251102 22:44:16.826"/>
</kw>
<status status="PASS" starttime="20251102 22:44:16.681" endtime="20251102 22:44:16.826"/>
</kw>
<kw name="Fechar Navegador" library="KeyWords_Form">
<kw name="Capture Page Screenshot" library="SeleniumLibrary">
<arg>printsNikolas/final_teste.png</arg>
<doc>Takes a screenshot of the current page and embeds it into a log file.</doc>
<msg timestamp="20251102 22:44:16.933" level="INFO" html="true">&lt;/td&gt;&lt;/tr&gt;&lt;tr&gt;&lt;td colspan="3"&gt;&lt;a href="printsNikolas/final_teste.png"&gt;&lt;img src="printsNikolas/final_teste.png" width="800px"&gt;&lt;/a&gt;</msg>
<status status="PASS" starttime="20251102 22:44:16.828" endtime="20251102 22:44:16.933"/>
</kw>
<kw name="Close Browser" library="SeleniumLibrary">
<doc>Closes the current browser.</doc>
<status status="PASS" starttime="20251102 22:44:16.933" endtime="20251102 22:44:19.101"/>
</kw>
<status status="PASS" starttime="20251102 22:44:16.827" endtime="20251102 22:44:19.101"/>
</kw>
<status status="PASS" starttime="20251102 22:44:13.059" endtime="20251102 22:44:19.102"/>
</test>
<status status="PASS" starttime="20251102 22:44:12.824" endtime="20251102 22:44:19.104"/>
</suite>
<statistics>
<total>
<stat pass="1" fail="0" skip="0">All Tests</stat>
</total>
<tag>
</tag>
<suite>
<stat pass="1" fail="0" skip="0" id="s1" name="Caso Login">Caso Login</stat>
</suite>
</statistics>
<errors>
</errors>
</robot>
