<?xml version="1.0" encoding="UTF-8"?>
<robot generator="Robot 6.1.1 (Python 3.7.8 on win32)" generated="20251102 21:48:43.774" rpa="false" schemaversion="4">
<suite id="s1" name="Caso Login" source="C:\xampp\htdocs\testes-automatizados\Caso_Login.robot">
<test id="s1-t1" name="Login com e-mail e senha corretos" line="6">
<kw name="Abrir Pagina Home FuelWise" library="KeyWords_Form">
<kw name="Open Browser" library="SeleniumLibrary">
<arg>${URL}</arg>
<arg>chrome</arg>
<doc>Opens a new browser instance to the optional ``url``.</doc>
<msg timestamp="20251102 21:48:44.040" level="INFO">Opening browser 'chrome' to base url 'http://localhost/FuelWise/pages/'.</msg>
<status status="PASS" starttime="20251102 21:48:44.040" endtime="20251102 21:48:46.074"/>
</kw>
<kw name="Maximize Browser Window" library="SeleniumLibrary">
<doc>Maximizes current browser window.</doc>
<status status="PASS" starttime="20251102 21:48:46.074" endtime="20251102 21:48:46.130"/>
</kw>
<kw name="Capture Page Screenshot" library="SeleniumLibrary">
<arg>prints/pagina_home_aberta.png</arg>
<doc>Takes a screenshot of the current page and embeds it into a log file.</doc>
<msg timestamp="20251102 21:48:46.293" level="INFO" html="true">&lt;/td&gt;&lt;/tr&gt;&lt;tr&gt;&lt;td colspan="3"&gt;&lt;a href="prints/pagina_home_aberta.png"&gt;&lt;img src="prints/pagina_home_aberta.png" width="800px"&gt;&lt;/a&gt;</msg>
<status status="PASS" starttime="20251102 21:48:46.130" endtime="20251102 21:48:46.293"/>
</kw>
<status status="PASS" starttime="20251102 21:48:44.040" endtime="20251102 21:48:46.293"/>
</kw>
<kw name="Fazer Login" library="KeyWords_Form">
<kw name="Wait Until Element Is Visible" library="SeleniumLibrary">
<arg>${BUTTON_MENU}</arg>
<arg>10s</arg>
<doc>Waits until the element ``locator`` is visible.</doc>
<status status="PASS" starttime="20251102 21:48:46.294" endtime="20251102 21:48:46.331"/>
</kw>
<kw name="Click Element" library="SeleniumLibrary">
<arg>${BUTTON_MENU}</arg>
<doc>Click the element identified by ``locator``.</doc>
<msg timestamp="20251102 21:48:46.331" level="INFO">Clicking element 'id:menu-icon'.</msg>
<status status="PASS" starttime="20251102 21:48:46.331" endtime="20251102 21:48:46.436"/>
</kw>
<kw name="Wait Until Element Is Visible" library="SeleniumLibrary">
<arg>${LOGIN_TRANSPORTADORA}</arg>
<arg>timeout=10s</arg>
<doc>Waits until the element ``locator`` is visible.</doc>
<status status="PASS" starttime="20251102 21:48:46.436" endtime="20251102 21:48:46.680"/>
</kw>
<kw name="Click Element" library="SeleniumLibrary">
<arg>${LOGIN_TRANSPORTADORA}</arg>
<doc>Click the element identified by ``locator``.</doc>
<msg timestamp="20251102 21:48:46.680" level="INFO">Clicking element 'xpath=//a[contains(text(), 'Fazer login')]'.</msg>
<status status="PASS" starttime="20251102 21:48:46.680" endtime="20251102 21:48:46.841"/>
</kw>
<kw name="Input Text" library="SeleniumLibrary">
<arg>${EMAIL_FIELD}</arg>
<arg>joaopedro@gmail.com</arg>
<doc>Types the given ``text`` into the text field identified by ``locator``.</doc>
<msg timestamp="20251102 21:48:46.842" level="INFO">Typing text 'joaopedro@gmail.com' into text field 'name:email'.</msg>
<status status="PASS" starttime="20251102 21:48:46.842" endtime="20251102 21:48:47.006"/>
</kw>
<kw name="Input Text" library="SeleniumLibrary">
<arg>${PASSWORD_FIELD}</arg>
<arg>_123456789</arg>
<doc>Types the given ``text`` into the text field identified by ``locator``.</doc>
<msg timestamp="20251102 21:48:47.006" level="INFO">Typing text '_123456789' into text field 'name:senha'.</msg>
<status status="PASS" starttime="20251102 21:48:47.006" endtime="20251102 21:48:47.089"/>
</kw>
<kw name="Capture Page Screenshot" library="SeleniumLibrary">
<arg>prints/login_preenchido.png</arg>
<doc>Takes a screenshot of the current page and embeds it into a log file.</doc>
<msg timestamp="20251102 21:48:47.201" level="INFO" html="true">&lt;/td&gt;&lt;/tr&gt;&lt;tr&gt;&lt;td colspan="3"&gt;&lt;a href="prints/login_preenchido.png"&gt;&lt;img src="prints/login_preenchido.png" width="800px"&gt;&lt;/a&gt;</msg>
<status status="PASS" starttime="20251102 21:48:47.089" endtime="20251102 21:48:47.201"/>
</kw>
<status status="PASS" starttime="20251102 21:48:46.294" endtime="20251102 21:48:47.201"/>
</kw>
<kw name="Clicar Entrar" library="KeyWords_Form">
<kw name="Click Element" library="SeleniumLibrary">
<arg>${LOGIN_BUTTON}</arg>
<doc>Click the element identified by ``locator``.</doc>
<msg timestamp="20251102 21:48:47.203" level="INFO">Clicking element 'xpath=//button[text()='Entrar']'.</msg>
<status status="PASS" starttime="20251102 21:48:47.202" endtime="20251102 21:48:47.359"/>
</kw>
<kw name="Capture Page Screenshot" library="SeleniumLibrary">
<arg>prints/clicou_entrar.png</arg>
<doc>Takes a screenshot of the current page and embeds it into a log file.</doc>
<msg timestamp="20251102 21:48:47.543" level="INFO" html="true">&lt;/td&gt;&lt;/tr&gt;&lt;tr&gt;&lt;td colspan="3"&gt;&lt;a href="prints/clicou_entrar.png"&gt;&lt;img src="prints/clicou_entrar.png" width="800px"&gt;&lt;/a&gt;</msg>
<status status="PASS" starttime="20251102 21:48:47.360" endtime="20251102 21:48:47.544"/>
</kw>
<status status="PASS" starttime="20251102 21:48:47.202" endtime="20251102 21:48:47.544"/>
</kw>
<kw name="Verificar Texto de Login" library="KeyWords_Form">
<kw name="Wait Until Page Contains" library="SeleniumLibrary">
<arg>${NAME_TEXT}</arg>
<arg>timeout=5s</arg>
<doc>Waits until ``text`` appears on the current page.</doc>
<msg timestamp="20251102 21:48:52.858" level="INFO" html="true">&lt;/td&gt;&lt;/tr&gt;&lt;tr&gt;&lt;td colspan="3"&gt;&lt;a href="selenium-screenshot-2.png"&gt;&lt;img src="selenium-screenshot-2.png" width="800px"&gt;&lt;/a&gt;</msg>
<msg timestamp="20251102 21:48:52.860" level="FAIL">Text 'João' did not appear in 5 seconds.</msg>
<status status="FAIL" starttime="20251102 21:48:47.544" endtime="20251102 21:48:52.862"/>
</kw>
<kw name="Page Should Contain" library="SeleniumLibrary">
<arg>${NAME_TEXT}</arg>
<doc>Verifies that current page contains ``text``.</doc>
<status status="NOT RUN" starttime="20251102 21:48:52.862" endtime="20251102 21:48:52.863"/>
</kw>
<kw name="Capture Page Screenshot" library="SeleniumLibrary">
<arg>prints/login_sucesso.png</arg>
<doc>Takes a screenshot of the current page and embeds it into a log file.</doc>
<status status="NOT RUN" starttime="20251102 21:48:52.863" endtime="20251102 21:48:52.863"/>
</kw>
<status status="FAIL" starttime="20251102 21:48:47.544" endtime="20251102 21:48:52.863"/>
</kw>
<kw name="Fechar Navegador" library="KeyWords_Form">
<status status="NOT RUN" starttime="20251102 21:48:52.864" endtime="20251102 21:48:52.864"/>
</kw>
<status status="FAIL" starttime="20251102 21:48:44.039" endtime="20251102 21:48:52.864">Text 'João' did not appear in 5 seconds.</status>
</test>
<status status="FAIL" starttime="20251102 21:48:43.775" endtime="20251102 21:48:52.865"/>
</suite>
<statistics>
<total>
<stat pass="0" fail="1" skip="0">All Tests</stat>
</total>
<tag>
</tag>
<suite>
<stat pass="0" fail="1" skip="0" id="s1" name="Caso Login">Caso Login</stat>
</suite>
</statistics>
<errors>
</errors>
</robot>
